Unity Editor version:    2020.3.27f1 (e759542391ea)
Branch:                  2020.3/release
Build type:              Release
Batch mode:              YES
macOS version:           Version 11.7.10 (Build 20G1427)
Darwin version:          20.6.0
Architecture:            x86_64
Running under Rosetta:   NO
Available memory:        16384 MB
Using pre-set license
Pro License: NO

COMMAND LINE ARGUMENTS:
/Applications/2020.3.27f1/Unity.app/Contents/MacOS/Unity
-adb2
-batchMode
-noUpm
-name
AssetImportWorker0
-projectPath
/Users/game34/Desktop/create with code/Mini Game
-logFile
Logs/AssetImportWorker0.log
-srvPort
49455
Successfully changed project path to: /Users/game34/Desktop/create with code/Mini Game
/Users/game34/Desktop/create with code/Mini Game
Using Asset Import Pipeline V2.
Refreshing native plugins compatible for Editor in 27.31 ms, found 2 plugins.
Preloading 0 native plugins for Editor in 0.00 ms.
Initialize engine version: 2020.3.27f1 (e759542391ea)
[Subsystems] Discovering subsystems at path /Applications/2020.3.27f1/Unity.app/Contents/Resources/UnitySubsystems
[Subsystems] Discovering subsystems at path /Users/game34/Desktop/create with code/Mini Game/Assets
GfxDevice: creating device client; threaded=0
2024-12-09 12:12:28.230 Unity[1193:16618] iMac preferred device: AMD Radeon Pro 5500 XT (high power)
2024-12-09 12:12:28.230 Unity[1193:16618] Metal devices available: 1
2024-12-09 12:12:28.230 Unity[1193:16618] 0: AMD Radeon Pro 5500 XT (high power)
2024-12-09 12:12:28.230 Unity[1193:16618] Using device AMD Radeon Pro 5500 XT (high power)
Initializing Metal device caps: AMD Radeon Pro 5500 XT
Initialize mono
Mono path[0] = '/Applications/2020.3.27f1/Unity.app/Contents/Managed'
Mono path[1] = '/Applications/2020.3.27f1/Unity.app/Contents/MonoBleedingEdge/lib/mono/unityjit'
Mono config path = '/Applications/2020.3.27f1/Unity.app/Contents/MonoBleedingEdge/etc'
Using monoOptions --debugger-agent=transport=dt_socket,embedding=1,server=y,suspend=n,address=127.0.0.1:56193
Begin MonoManager ReloadAssembly
Registering precompiled unity dll's ...
Register platform support module: /Applications/2020.3.27f1/Unity.app/Contents/PlaybackEngines/MacStandaloneSupport/UnityEditor.OSXStandalone.Extensions.dll
Registered in 0.000455 seconds.
Native extension for OSXStandalone target not found
Refreshing native plugins compatible for Editor in 27.57 ms, found 2 plugins.
Preloading 0 native plugins for Editor in 0.00 ms.
Mono: successfully reloaded assembly
- Completed reload, in  0.526 seconds
Domain Reload Profiling:
	ReloadAssembly (526ms)
		BeginReloadAssembly (36ms)
			ExecutionOrderSort (0ms)
			DisableScriptedObjects (0ms)
			BackupInstance (0ms)
			ReleaseScriptingObjects (0ms)
			CreateAndSetChildDomain (1ms)
		EndReloadAssembly (424ms)
			LoadAssemblies (36ms)
			RebuildTransferFunctionScriptingTraits (0ms)
			SetupTypeCache (161ms)
			ReleaseScriptCaches (0ms)
			RebuildScriptCaches (33ms)
			SetupLoadedEditorAssemblies (156ms)
				LogAssemblyErrors (0ms)
				InitializePlatformSupportModulesInManaged (4ms)
				SetLoadedEditorAssemblies (0ms)
				RefreshPlugins (28ms)
				BeforeProcessingInitializeOnLoad (7ms)
				ProcessInitializeOnLoadAttributes (91ms)
				ProcessInitializeOnLoadMethodAttributes (26ms)
				AfterProcessingInitializeOnLoad (0ms)
				EditorAssembliesLoaded (0ms)
			ExecutionOrderSort2 (0ms)
			AwakeInstancesAfterBackupRestoration (0ms)
Platform modules already initialized, skipping
Registering precompiled user dll's ...
Registered in 0.001699 seconds.
Begin MonoManager ReloadAssembly
Native extension for OSXStandalone target not found
Refreshing native plugins compatible for Editor in 0.36 ms, found 2 plugins.
Preloading 0 native plugins for Editor in 0.00 ms.
Mono: successfully reloaded assembly
- Completed reload, in  0.926 seconds
Domain Reload Profiling:
	ReloadAssembly (927ms)
		BeginReloadAssembly (132ms)
			ExecutionOrderSort (0ms)
			DisableScriptedObjects (4ms)
			BackupInstance (0ms)
			ReleaseScriptingObjects (0ms)
			CreateAndSetChildDomain (25ms)
		EndReloadAssembly (734ms)
			LoadAssemblies (61ms)
			RebuildTransferFunctionScriptingTraits (0ms)
			SetupTypeCache (292ms)
			ReleaseScriptCaches (0ms)
			RebuildScriptCaches (43ms)
			SetupLoadedEditorAssemblies (242ms)
				LogAssemblyErrors (0ms)
				InitializePlatformSupportModulesInManaged (4ms)
				SetLoadedEditorAssemblies (1ms)
				RefreshPlugins (0ms)
				BeforeProcessingInitializeOnLoad (40ms)
				ProcessInitializeOnLoadAttributes (187ms)
				ProcessInitializeOnLoadMethodAttributes (8ms)
				AfterProcessingInitializeOnLoad (1ms)
				EditorAssembliesLoaded (0ms)
			ExecutionOrderSort2 (0ms)
			AwakeInstancesAfterBackupRestoration (6ms)
Platform modules already initialized, skipping
Validating Project structure ... 0.004285 seconds.
Shader import version has changed; will reimport all shaders...
Upgrading shader files ...0.005180 seconds.
Application.AssetDatabase Initial Script Refresh Start
RefreshInfo: InitialScriptRefreshV2(NoUpdateAssetOptions) scanfilter:  ... 1 filters
RefreshProfiler: Total: 0.000ms
Application.AssetDatabase Initial Script Refresh End
Application.AssetDatabase.Refresh Start
Application.AssetDatabase.Refresh End
RefreshInfo: StopAssetImportingV2(ForceSynchronousImport) scanfilter: 
RefreshProfiler: Total: 0.000ms
Launching external process: /Applications/2020.3.27f1/Unity.app/Contents/Tools/UnityShaderCompiler
Launched and connected shader compiler UnityShaderCompiler after 0.01 seconds
Initializing Unity extensions:
========================================================================
Worker process is ready to serve import requests
Refreshing native plugins compatible for Editor in 0.21 ms, found 2 plugins.
Preloading 0 native plugins for Editor in 0.00 ms.
Unloading 1508 Unused Serialized files (Serialized files now loaded: 0)
System memory in use before: 178.0 MB.
System memory in use after: 177.2 MB.

Unloading 83 unused Assets to reduce memory usage. Loaded Objects now: 1980.
Total: 2.507017 ms (FindLiveObjects: 0.102225 ms CreateObjectMapping: 0.036058 ms MarkObjects: 1.984097 ms  DeleteObjects: 0.383953 ms)

AssetImportParameters requested are different than current active one (requested -> active):
  custom:video-decoder-ogg-theora: a1e56fd34408186e4bbccfd4996cb3dc -> 
  custom:container-muxer-webm: aa71ff27fc2769a1b78a27578f13a17b -> 
  custom:container-demuxer-webm: 4f35f7cbe854078d1ac9338744f61a02 -> 
  custom:container-demuxer-ogg: 62fdf1f143b41e24485cea50d1cbac27 -> 
  custom:video-encoder-webm-vp8: eb34c28f22e8b96e1ab97ce403110664 -> 
  custom:framework-osx-AVFoundation: e770b220cccbd017edd2c1fefb359320 -> 
  custom:video-decoder-webm-vp8: 9c59270c3fd7afecdb556c50c9e8de78 -> 
  custom:audio-decoder-ogg-vorbis: bf7c407c2cedff20999df2af8eb42d56 -> 
  custom:audio-encoder-webm-vorbis: bf7c407c2cedff20999df2af8eb42d56 -> 
========================================================================
Received Import Request.
  path: Assets/SimplePoly City - Low Poly Assets/Prefab/Snacks/Food_Cookie_01.prefab
  artifactKey: Guid(ebf72f929cd444129b1006b19378dcb5) Importer(815301076,1909f56bfc062723c751e8b465ee728b)
Start importing Assets/SimplePoly City - Low Poly Assets/Prefab/Snacks/Food_Cookie_01.prefab using Guid(ebf72f929cd444129b1006b19378dcb5) Importer(815301076,1909f56bfc062723c751e8b465ee728b)  -> (artifact id: '9ae2c0cbd1f7609bdd53ff20326c7435') in 0.873269 seconds 
  Import took 0.876953 seconds .

========================================================================
Received Import Request.
  Time since last request: 2.374243 seconds.
  path: Assets/SimplePoly City - Low Poly Assets/Prefab/Snacks/Food_Cookie_01.prefab
  artifactKey: Guid(ebf72f929cd444129b1006b19378dcb5) Importer(815301076,1909f56bfc062723c751e8b465ee728b)
Start importing Assets/SimplePoly City - Low Poly Assets/Prefab/Snacks/Food_Cookie_01.prefab using Guid(ebf72f929cd444129b1006b19378dcb5) Importer(815301076,1909f56bfc062723c751e8b465ee728b)  -> (artifact id: '77abfbf45948691b0f76ea9572779fed') in 0.009465 seconds 
  Import took 0.012388 seconds .

========================================================================
Received Import Request.
  Time since last request: 3.633896 seconds.
  path: Assets/SimplePoly City - Low Poly Assets/Prefab/Snacks/Food_Cookie_01.prefab
  artifactKey: Guid(ebf72f929cd444129b1006b19378dcb5) Importer(815301076,1909f56bfc062723c751e8b465ee728b)
Start importing Assets/SimplePoly City - Low Poly Assets/Prefab/Snacks/Food_Cookie_01.prefab using Guid(ebf72f929cd444129b1006b19378dcb5) Importer(815301076,1909f56bfc062723c751e8b465ee728b)  -> (artifact id: '8afb93cc200c8bbcca1b6c7c31b625cc') in 0.023299 seconds 
  Import took 0.025503 seconds .

========================================================================
Received Import Request.
  Time since last request: 5.041550 seconds.
  path: Assets/SimplePoly City - Low Poly Assets/Prefab/Snacks/Food_Cookie_01.prefab
  artifactKey: Guid(ebf72f929cd444129b1006b19378dcb5) Importer(815301076,1909f56bfc062723c751e8b465ee728b)
Start importing Assets/SimplePoly City - Low Poly Assets/Prefab/Snacks/Food_Cookie_01.prefab using Guid(ebf72f929cd444129b1006b19378dcb5) Importer(815301076,1909f56bfc062723c751e8b465ee728b)  -> (artifact id: '0869102a48f073d09937f647a69bf43f') in 0.007604 seconds 
  Import took 0.009858 seconds .

========================================================================
Received Import Request.
  Time since last request: 7.555958 seconds.
  path: Assets/SimplePoly City - Low Poly Assets/Prefab/Snacks/Food_Pizza_01.prefab
  artifactKey: Guid(333ef54f936984ed6b3b515104716f58) Importer(815301076,1909f56bfc062723c751e8b465ee728b)
Start importing Assets/SimplePoly City - Low Poly Assets/Prefab/Snacks/Food_Pizza_01.prefab using Guid(333ef54f936984ed6b3b515104716f58) Importer(815301076,1909f56bfc062723c751e8b465ee728b)  -> (artifact id: 'ee6a39da8d0f7f92a3acdf7a85de0a10') in 0.007481 seconds 
  Import took 0.009901 seconds .

========================================================================
Received Import Request.
  Time since last request: 2.617207 seconds.
  path: Assets/SimplePoly City - Low Poly Assets/Prefab/Snacks/Food_Pizza_01.prefab
  artifactKey: Guid(333ef54f936984ed6b3b515104716f58) Importer(815301076,1909f56bfc062723c751e8b465ee728b)
Start importing Assets/SimplePoly City - Low Poly Assets/Prefab/Snacks/Food_Pizza_01.prefab using Guid(333ef54f936984ed6b3b515104716f58) Importer(815301076,1909f56bfc062723c751e8b465ee728b)  -> (artifact id: '5706863799436664bb4c75409bd3bf0e') in 0.008198 seconds 
  Import took 0.010597 seconds .

========================================================================
Received Import Request.
  Time since last request: 13.336495 seconds.
  path: Assets/SimplePoly City - Low Poly Assets/Prefab/Snacks/Food_Sandwich_01.prefab
  artifactKey: Guid(c9a016d15674d46b58ba91893ceae2c3) Importer(815301076,1909f56bfc062723c751e8b465ee728b)
Start importing Assets/SimplePoly City - Low Poly Assets/Prefab/Snacks/Food_Sandwich_01.prefab using Guid(c9a016d15674d46b58ba91893ceae2c3) Importer(815301076,1909f56bfc062723c751e8b465ee728b)  -> (artifact id: 'c1b10396f3bce4e331e2549f1129204e') in 0.042259 seconds 
  Import took 0.044647 seconds .

========================================================================
Received Import Request.
  Time since last request: 3.161590 seconds.
  path: Assets/SimplePoly City - Low Poly Assets/Prefab/Snacks/Food_Sandwich_01.prefab
  artifactKey: Guid(c9a016d15674d46b58ba91893ceae2c3) Importer(815301076,1909f56bfc062723c751e8b465ee728b)
Start importing Assets/SimplePoly City - Low Poly Assets/Prefab/Snacks/Food_Sandwich_01.prefab using Guid(c9a016d15674d46b58ba91893ceae2c3) Importer(815301076,1909f56bfc062723c751e8b465ee728b)  -> (artifact id: 'f37cd9878a0401987eb5874cef717202') in 0.007521 seconds 
  Import took 0.009826 seconds .

========================================================================
Received Import Request.
  Time since last request: 6.008481 seconds.
  path: Assets/SimplePoly City - Low Poly Assets/Prefab/Snacks/Food_Sandwich_01.prefab
  artifactKey: Guid(c9a016d15674d46b58ba91893ceae2c3) Importer(815301076,1909f56bfc062723c751e8b465ee728b)
Start importing Assets/SimplePoly City - Low Poly Assets/Prefab/Snacks/Food_Sandwich_01.prefab using Guid(c9a016d15674d46b58ba91893ceae2c3) Importer(815301076,1909f56bfc062723c751e8b465ee728b)  -> (artifact id: 'bb906f6677e4b325e49254f1c973b1aa') in 0.007825 seconds 
  Import took 0.010058 seconds .

========================================================================
Received Import Request.
  Time since last request: 1.709605 seconds.
  path: Assets/SimplePoly City - Low Poly Assets/Prefab/Snacks/Food_Pizza_01.prefab
  artifactKey: Guid(333ef54f936984ed6b3b515104716f58) Importer(815301076,1909f56bfc062723c751e8b465ee728b)
Start importing Assets/SimplePoly City - Low Poly Assets/Prefab/Snacks/Food_Pizza_01.prefab using Guid(333ef54f936984ed6b3b515104716f58) Importer(815301076,1909f56bfc062723c751e8b465ee728b)  -> (artifact id: 'bfc830cd8b5e0ce4f253317e603a8301') in 0.007917 seconds 
  Import took 0.010066 seconds .

========================================================================
Received Import Request.
  Time since last request: 24.591717 seconds.
  path: Assets/SimplePoly City - Low Poly Assets/Prefab/Snacks/Food_Cookie_01.prefab
  artifactKey: Guid(ebf72f929cd444129b1006b19378dcb5) Importer(815301076,1909f56bfc062723c751e8b465ee728b)
Start importing Assets/SimplePoly City - Low Poly Assets/Prefab/Snacks/Food_Cookie_01.prefab using Guid(ebf72f929cd444129b1006b19378dcb5) Importer(815301076,1909f56bfc062723c751e8b465ee728b)  -> (artifact id: 'df4e65f7b348b2f452158608d498222d') in 0.007556 seconds 
  Import took 0.010152 seconds .

========================================================================
Received Import Request.
  Time since last request: 0.995692 seconds.
  path: Assets/SimplePoly City - Low Poly Assets/Prefab/Snacks/Food_Cookie_01.prefab
  artifactKey: Guid(ebf72f929cd444129b1006b19378dcb5) Importer(815301076,1909f56bfc062723c751e8b465ee728b)
Start importing Assets/SimplePoly City - Low Poly Assets/Prefab/Snacks/Food_Cookie_01.prefab using Guid(ebf72f929cd444129b1006b19378dcb5) Importer(815301076,1909f56bfc062723c751e8b465ee728b)  -> (artifact id: 'b8210e62b4507ec84a3a4d5ef8908b11') in 0.007653 seconds 
  Import took 0.009884 seconds .

========================================================================
Received Import Request.
  Time since last request: 0.798991 seconds.
  path: Assets/SimplePoly City - Low Poly Assets/Prefab/Snacks/Food_Cookie_01.prefab
  artifactKey: Guid(ebf72f929cd444129b1006b19378dcb5) Importer(815301076,1909f56bfc062723c751e8b465ee728b)
Start importing Assets/SimplePoly City - Low Poly Assets/Prefab/Snacks/Food_Cookie_01.prefab using Guid(ebf72f929cd444129b1006b19378dcb5) Importer(815301076,1909f56bfc062723c751e8b465ee728b)  -> (artifact id: '4b805b7efdfdacbce8a21bf5ea8e635b') in 0.008187 seconds 
  Import took 0.010736 seconds .

========================================================================
Received Import Request.
  Time since last request: 0.596034 seconds.
  path: Assets/SimplePoly City - Low Poly Assets/Prefab/Snacks/Food_Cookie_01.prefab
  artifactKey: Guid(ebf72f929cd444129b1006b19378dcb5) Importer(815301076,1909f56bfc062723c751e8b465ee728b)
Start importing Assets/SimplePoly City - Low Poly Assets/Prefab/Snacks/Food_Cookie_01.prefab using Guid(ebf72f929cd444129b1006b19378dcb5) Importer(815301076,1909f56bfc062723c751e8b465ee728b)  -> (artifact id: 'b0bba871526be4ae6070beeb3c734c91') in 0.008086 seconds 
  Import took 0.010311 seconds .

========================================================================
Received Import Request.
  Time since last request: 0.403538 seconds.
  path: Assets/SimplePoly City - Low Poly Assets/Prefab/Snacks/Food_Cookie_01.prefab
  artifactKey: Guid(ebf72f929cd444129b1006b19378dcb5) Importer(815301076,1909f56bfc062723c751e8b465ee728b)
Start importing Assets/SimplePoly City - Low Poly Assets/Prefab/Snacks/Food_Cookie_01.prefab using Guid(ebf72f929cd444129b1006b19378dcb5) Importer(815301076,1909f56bfc062723c751e8b465ee728b)  -> (artifact id: 'aad5179e8f3cefc4a7629469a0ddd555') in 0.009833 seconds 
  Import took 0.012221 seconds .

========================================================================
Received Import Request.
  Time since last request: 0.386257 seconds.
  path: Assets/SimplePoly City - Low Poly Assets/Prefab/Snacks/Food_Cookie_01.prefab
  artifactKey: Guid(ebf72f929cd444129b1006b19378dcb5) Importer(815301076,1909f56bfc062723c751e8b465ee728b)
Start importing Assets/SimplePoly City - Low Poly Assets/Prefab/Snacks/Food_Cookie_01.prefab using Guid(ebf72f929cd444129b1006b19378dcb5) Importer(815301076,1909f56bfc062723c751e8b465ee728b)  -> (artifact id: '4db5d9613d4e13444e4f9ed353b74e62') in 0.008183 seconds 
  Import took 0.010400 seconds .

========================================================================
Received Import Request.
  Time since last request: 0.594268 seconds.
  path: Assets/SimplePoly City - Low Poly Assets/Prefab/Snacks/Food_Cookie_01.prefab
  artifactKey: Guid(ebf72f929cd444129b1006b19378dcb5) Importer(815301076,1909f56bfc062723c751e8b465ee728b)
Start importing Assets/SimplePoly City - Low Poly Assets/Prefab/Snacks/Food_Cookie_01.prefab using Guid(ebf72f929cd444129b1006b19378dcb5) Importer(815301076,1909f56bfc062723c751e8b465ee728b)  -> (artifact id: 'f9b564e67188e8dc784fcd8a66f4d889') in 0.008517 seconds 
  Import took 0.010807 seconds .

========================================================================
Received Import Request.
  Time since last request: 2.864328 seconds.
  path: Assets/SimplePoly City - Low Poly Assets/Prefab/Snacks/Food_Pizza_01.prefab
  artifactKey: Guid(333ef54f936984ed6b3b515104716f58) Importer(815301076,1909f56bfc062723c751e8b465ee728b)
Start importing Assets/SimplePoly City - Low Poly Assets/Prefab/Snacks/Food_Pizza_01.prefab using Guid(333ef54f936984ed6b3b515104716f58) Importer(815301076,1909f56bfc062723c751e8b465ee728b)  -> (artifact id: 'faec89934e88da31d92330fc5e1914a5') in 0.007654 seconds 
  Import took 0.009920 seconds .

========================================================================
Received Import Request.
  Time since last request: 0.390184 seconds.
  path: Assets/SimplePoly City - Low Poly Assets/Prefab/Snacks/Food_Pizza_01.prefab
  artifactKey: Guid(333ef54f936984ed6b3b515104716f58) Importer(815301076,1909f56bfc062723c751e8b465ee728b)
Start importing Assets/SimplePoly City - Low Poly Assets/Prefab/Snacks/Food_Pizza_01.prefab using Guid(333ef54f936984ed6b3b515104716f58) Importer(815301076,1909f56bfc062723c751e8b465ee728b)  -> (artifact id: '0f10603bcfbc08916b046413955f2bed') in 0.007647 seconds 
  Import took 0.009809 seconds .

========================================================================
Received Import Request.
  Time since last request: 0.398241 seconds.
  path: Assets/SimplePoly City - Low Poly Assets/Prefab/Snacks/Food_Pizza_01.prefab
  artifactKey: Guid(333ef54f936984ed6b3b515104716f58) Importer(815301076,1909f56bfc062723c751e8b465ee728b)
Start importing Assets/SimplePoly City - Low Poly Assets/Prefab/Snacks/Food_Pizza_01.prefab using Guid(333ef54f936984ed6b3b515104716f58) Importer(815301076,1909f56bfc062723c751e8b465ee728b)  -> (artifact id: 'a9981056c5112638d63c0dfc886da44d') in 0.007352 seconds 
  Import took 0.009526 seconds .

========================================================================
Received Import Request.
  Time since last request: 0.804352 seconds.
  path: Assets/SimplePoly City - Low Poly Assets/Prefab/Snacks/Food_Pizza_01.prefab
  artifactKey: Guid(333ef54f936984ed6b3b515104716f58) Importer(815301076,1909f56bfc062723c751e8b465ee728b)
Start importing Assets/SimplePoly City - Low Poly Assets/Prefab/Snacks/Food_Pizza_01.prefab using Guid(333ef54f936984ed6b3b515104716f58) Importer(815301076,1909f56bfc062723c751e8b465ee728b)  -> (artifact id: '499ed810c598601159c50196740ed6b4') in 0.007562 seconds 
  Import took 0.009750 seconds .

========================================================================
Received Import Request.
  Time since last request: 0.393802 seconds.
  path: Assets/SimplePoly City - Low Poly Assets/Prefab/Snacks/Food_Pizza_01.prefab
  artifactKey: Guid(333ef54f936984ed6b3b515104716f58) Importer(815301076,1909f56bfc062723c751e8b465ee728b)
Start importing Assets/SimplePoly City - Low Poly Assets/Prefab/Snacks/Food_Pizza_01.prefab using Guid(333ef54f936984ed6b3b515104716f58) Importer(815301076,1909f56bfc062723c751e8b465ee728b)  -> (artifact id: '1529b156d8928bf46c738d8c2596b11d') in 0.007385 seconds 
  Import took 0.009688 seconds .

========================================================================
Received Import Request.
  Time since last request: 0.591453 seconds.
  path: Assets/SimplePoly City - Low Poly Assets/Prefab/Snacks/Food_Pizza_01.prefab
  artifactKey: Guid(333ef54f936984ed6b3b515104716f58) Importer(815301076,1909f56bfc062723c751e8b465ee728b)
Start importing Assets/SimplePoly City - Low Poly Assets/Prefab/Snacks/Food_Pizza_01.prefab using Guid(333ef54f936984ed6b3b515104716f58) Importer(815301076,1909f56bfc062723c751e8b465ee728b)  -> (artifact id: '988989530bf7e4686fb5e39976356197') in 0.007766 seconds 
  Import took 0.009967 seconds .

========================================================================
Received Import Request.
  Time since last request: 2.915920 seconds.
  path: Assets/SimplePoly City - Low Poly Assets/Prefab/Snacks/Food_Sandwich_01.prefab
  artifactKey: Guid(c9a016d15674d46b58ba91893ceae2c3) Importer(815301076,1909f56bfc062723c751e8b465ee728b)
Start importing Assets/SimplePoly City - Low Poly Assets/Prefab/Snacks/Food_Sandwich_01.prefab using Guid(c9a016d15674d46b58ba91893ceae2c3) Importer(815301076,1909f56bfc062723c751e8b465ee728b)  -> (artifact id: 'be042258cb396362ef87bbd987d269fe') in 0.007653 seconds 
  Import took 0.009793 seconds .

========================================================================
Received Import Request.
  Time since last request: 0.398421 seconds.
  path: Assets/SimplePoly City - Low Poly Assets/Prefab/Snacks/Food_Sandwich_01.prefab
  artifactKey: Guid(c9a016d15674d46b58ba91893ceae2c3) Importer(815301076,1909f56bfc062723c751e8b465ee728b)
Start importing Assets/SimplePoly City - Low Poly Assets/Prefab/Snacks/Food_Sandwich_01.prefab using Guid(c9a016d15674d46b58ba91893ceae2c3) Importer(815301076,1909f56bfc062723c751e8b465ee728b)  -> (artifact id: '788b1dd041524589d39247f3ae6c276f') in 0.007856 seconds 
  Import took 0.010107 seconds .

========================================================================
Received Import Request.
  Time since last request: 0.396708 seconds.
  path: Assets/SimplePoly City - Low Poly Assets/Prefab/Snacks/Food_Sandwich_01.prefab
  artifactKey: Guid(c9a016d15674d46b58ba91893ceae2c3) Importer(815301076,1909f56bfc062723c751e8b465ee728b)
Start importing Assets/SimplePoly City - Low Poly Assets/Prefab/Snacks/Food_Sandwich_01.prefab using Guid(c9a016d15674d46b58ba91893ceae2c3) Importer(815301076,1909f56bfc062723c751e8b465ee728b)  -> (artifact id: '63eb892f1e089917e3cb79b9fdf4533d') in 0.007696 seconds 
  Import took 0.009841 seconds .

========================================================================
Received Import Request.
  Time since last request: 0.600375 seconds.
  path: Assets/SimplePoly City - Low Poly Assets/Prefab/Snacks/Food_Sandwich_01.prefab
  artifactKey: Guid(c9a016d15674d46b58ba91893ceae2c3) Importer(815301076,1909f56bfc062723c751e8b465ee728b)
Start importing Assets/SimplePoly City - Low Poly Assets/Prefab/Snacks/Food_Sandwich_01.prefab using Guid(c9a016d15674d46b58ba91893ceae2c3) Importer(815301076,1909f56bfc062723c751e8b465ee728b)  -> (artifact id: 'c687456718b520bc1d1b410fb6444662') in 0.007744 seconds 
  Import took 0.009996 seconds .

========================================================================
Received Import Request.
  Time since last request: 0.397028 seconds.
  path: Assets/SimplePoly City - Low Poly Assets/Prefab/Snacks/Food_Sandwich_01.prefab
  artifactKey: Guid(c9a016d15674d46b58ba91893ceae2c3) Importer(815301076,1909f56bfc062723c751e8b465ee728b)
Start importing Assets/SimplePoly City - Low Poly Assets/Prefab/Snacks/Food_Sandwich_01.prefab using Guid(c9a016d15674d46b58ba91893ceae2c3) Importer(815301076,1909f56bfc062723c751e8b465ee728b)  -> (artifact id: '88a3f48f44256e90236f4bb462b62108') in 0.007539 seconds 
  Import took 0.009889 seconds .

========================================================================
Received Import Request.
  Time since last request: 0.397193 seconds.
  path: Assets/SimplePoly City - Low Poly Assets/Prefab/Snacks/Food_Sandwich_01.prefab
  artifactKey: Guid(c9a016d15674d46b58ba91893ceae2c3) Importer(815301076,1909f56bfc062723c751e8b465ee728b)
Start importing Assets/SimplePoly City - Low Poly Assets/Prefab/Snacks/Food_Sandwich_01.prefab using Guid(c9a016d15674d46b58ba91893ceae2c3) Importer(815301076,1909f56bfc062723c751e8b465ee728b)  -> (artifact id: '179c53ccf3407a5ec6c1b47861a8e66b') in 0.007590 seconds 
  Import took 0.009857 seconds .

========================================================================
Received Prepare
Registering precompiled user dll's ...
Registered in 0.001584 seconds.
Begin MonoManager ReloadAssembly
Native extension for OSXStandalone target not found
Refreshing native plugins compatible for Editor in 0.33 ms, found 2 plugins.
Preloading 0 native plugins for Editor in 0.00 ms.
Mono: successfully reloaded assembly
- Completed reload, in  0.899 seconds
Domain Reload Profiling:
	ReloadAssembly (899ms)
		BeginReloadAssembly (103ms)
			ExecutionOrderSort (0ms)
			DisableScriptedObjects (4ms)
			BackupInstance (0ms)
			ReleaseScriptingObjects (0ms)
			CreateAndSetChildDomain (44ms)
		EndReloadAssembly (742ms)
			LoadAssemblies (62ms)
			RebuildTransferFunctionScriptingTraits (0ms)
			SetupTypeCache (282ms)
			ReleaseScriptCaches (1ms)
			RebuildScriptCaches (39ms)
			SetupLoadedEditorAssemblies (260ms)
				LogAssemblyErrors (0ms)
				InitializePlatformSupportModulesInManaged (5ms)
				SetLoadedEditorAssemblies (0ms)
				RefreshPlugins (0ms)
				BeforeProcessingInitializeOnLoad (73ms)
				ProcessInitializeOnLoadAttributes (172ms)
				ProcessInitializeOnLoadMethodAttributes (7ms)
				AfterProcessingInitializeOnLoad (1ms)
				EditorAssembliesLoaded (0ms)
			ExecutionOrderSort2 (0ms)
			AwakeInstancesAfterBackupRestoration (6ms)
Platform modules already initialized, skipping
Refreshing native plugins compatible for Editor in 0.26 ms, found 2 plugins.
Preloading 0 native plugins for Editor in 0.00 ms.
Unloading 1500 Unused Serialized files (Serialized files now loaded: 0)
System memory in use before: 182.7 MB.
System memory in use after: 182.8 MB.

Unloading 15 unused Assets to reduce memory usage. Loaded Objects now: 1989.
Total: 1.993441 ms (FindLiveObjects: 0.095190 ms CreateObjectMapping: 0.036633 ms MarkObjects: 1.851193 ms  DeleteObjects: 0.009898 ms)

AssetImportParameters requested are different than current active one (requested -> active):
  custom:video-decoder-ogg-theora: a1e56fd34408186e4bbccfd4996cb3dc -> 
  custom:container-muxer-webm: aa71ff27fc2769a1b78a27578f13a17b -> 
  custom:container-demuxer-webm: 4f35f7cbe854078d1ac9338744f61a02 -> 
  custom:container-demuxer-ogg: 62fdf1f143b41e24485cea50d1cbac27 -> 
  custom:video-encoder-webm-vp8: eb34c28f22e8b96e1ab97ce403110664 -> 
  custom:framework-osx-AVFoundation: e770b220cccbd017edd2c1fefb359320 -> 
  custom:video-decoder-webm-vp8: 9c59270c3fd7afecdb556c50c9e8de78 -> 
  custom:audio-decoder-ogg-vorbis: bf7c407c2cedff20999df2af8eb42d56 -> 
  custom:audio-encoder-webm-vorbis: bf7c407c2cedff20999df2af8eb42d56 -> 
========================================================================
Received Prepare
Registering precompiled user dll's ...
Registered in 0.001616 seconds.
Begin MonoManager ReloadAssembly
Native extension for OSXStandalone target not found
Refreshing native plugins compatible for Editor in 0.33 ms, found 2 plugins.
Preloading 0 native plugins for Editor in 0.00 ms.
Mono: successfully reloaded assembly
- Completed reload, in  0.879 seconds
Domain Reload Profiling:
	ReloadAssembly (879ms)
		BeginReloadAssembly (95ms)
			ExecutionOrderSort (0ms)
			DisableScriptedObjects (4ms)
			BackupInstance (0ms)
			ReleaseScriptingObjects (0ms)
			CreateAndSetChildDomain (46ms)
		EndReloadAssembly (728ms)
			LoadAssemblies (58ms)
			RebuildTransferFunctionScriptingTraits (0ms)
			SetupTypeCache (276ms)
			ReleaseScriptCaches (1ms)
			RebuildScriptCaches (39ms)
			SetupLoadedEditorAssemblies (253ms)
				LogAssemblyErrors (0ms)
				InitializePlatformSupportModulesInManaged (3ms)
				SetLoadedEditorAssemblies (0ms)
				RefreshPlugins (0ms)
				BeforeProcessingInitializeOnLoad (71ms)
				ProcessInitializeOnLoadAttributes (170ms)
				ProcessInitializeOnLoadMethodAttributes (7ms)
				AfterProcessingInitializeOnLoad (1ms)
				EditorAssembliesLoaded (0ms)
			ExecutionOrderSort2 (0ms)
			AwakeInstancesAfterBackupRestoration (6ms)
Platform modules already initialized, skipping
Refreshing native plugins compatible for Editor in 0.29 ms, found 2 plugins.
Preloading 0 native plugins for Editor in 0.00 ms.
Unloading 1501 Unused Serialized files (Serialized files now loaded: 0)
System memory in use before: 182.9 MB.
System memory in use after: 183.0 MB.

Unloading 14 unused Assets to reduce memory usage. Loaded Objects now: 1992.
Total: 2.020778 ms (FindLiveObjects: 0.112899 ms CreateObjectMapping: 0.035030 ms MarkObjects: 1.862975 ms  DeleteObjects: 0.009163 ms)

AssetImportParameters requested are different than current active one (requested -> active):
  custom:video-decoder-ogg-theora: a1e56fd34408186e4bbccfd4996cb3dc -> 
  custom:container-muxer-webm: aa71ff27fc2769a1b78a27578f13a17b -> 
  custom:container-demuxer-webm: 4f35f7cbe854078d1ac9338744f61a02 -> 
  custom:container-demuxer-ogg: 62fdf1f143b41e24485cea50d1cbac27 -> 
  custom:video-encoder-webm-vp8: eb34c28f22e8b96e1ab97ce403110664 -> 
  custom:framework-osx-AVFoundation: e770b220cccbd017edd2c1fefb359320 -> 
  custom:video-decoder-webm-vp8: 9c59270c3fd7afecdb556c50c9e8de78 -> 
  custom:audio-decoder-ogg-vorbis: bf7c407c2cedff20999df2af8eb42d56 -> 
  custom:audio-encoder-webm-vorbis: bf7c407c2cedff20999df2af8eb42d56 -> 
========================================================================
Received Import Request.
  Time since last request: 1336.705416 seconds.
  path: Assets/C#/destroy.cs
  artifactKey: Guid(e84a9801b5bf34e99a786636d3c71fe2) Importer(815301076,1909f56bfc062723c751e8b465ee728b)
Start importing Assets/C#/destroy.cs using Guid(e84a9801b5bf34e99a786636d3c71fe2) Importer(815301076,1909f56bfc062723c751e8b465ee728b)  -> (artifact id: '3eaf99d547d2e9cc3f2e5cd2f0de5e4f') in 0.253566 seconds 
  Import took 0.257629 seconds .

========================================================================
Received Prepare
Registering precompiled user dll's ...
Registered in 0.001666 seconds.
Begin MonoManager ReloadAssembly
Native extension for OSXStandalone target not found
Refreshing native plugins compatible for Editor in 0.34 ms, found 2 plugins.
Preloading 0 native plugins for Editor in 0.00 ms.
Mono: successfully reloaded assembly
- Completed reload, in  0.888 seconds
Domain Reload Profiling:
	ReloadAssembly (889ms)
		BeginReloadAssembly (97ms)
			ExecutionOrderSort (0ms)
			DisableScriptedObjects (4ms)
			BackupInstance (0ms)
			ReleaseScriptingObjects (0ms)
			CreateAndSetChildDomain (46ms)
		EndReloadAssembly (737ms)
			LoadAssemblies (59ms)
			RebuildTransferFunctionScriptingTraits (0ms)
			SetupTypeCache (275ms)
			ReleaseScriptCaches (1ms)
			RebuildScriptCaches (39ms)
			SetupLoadedEditorAssemblies (262ms)
				LogAssemblyErrors (0ms)
				InitializePlatformSupportModulesInManaged (4ms)
				SetLoadedEditorAssemblies (1ms)
				RefreshPlugins (0ms)
				BeforeProcessingInitializeOnLoad (74ms)
				ProcessInitializeOnLoadAttributes (175ms)
				ProcessInitializeOnLoadMethodAttributes (7ms)
				AfterProcessingInitializeOnLoad (1ms)
				EditorAssembliesLoaded (0ms)
			ExecutionOrderSort2 (0ms)
			AwakeInstancesAfterBackupRestoration (6ms)
Platform modules already initialized, skipping
Refreshing native plugins compatible for Editor in 0.29 ms, found 2 plugins.
Preloading 0 native plugins for Editor in 0.00 ms.
Unloading 1501 Unused Serialized files (Serialized files now loaded: 0)
System memory in use before: 187.2 MB.
System memory in use after: 187.3 MB.

Unloading 14 unused Assets to reduce memory usage. Loaded Objects now: 1994.
Total: 2.003299 ms (FindLiveObjects: 0.097083 ms CreateObjectMapping: 0.035474 ms MarkObjects: 1.860034 ms  DeleteObjects: 0.010167 ms)

AssetImportParameters requested are different than current active one (requested -> active):
  custom:video-decoder-ogg-theora: a1e56fd34408186e4bbccfd4996cb3dc -> 
  custom:container-muxer-webm: aa71ff27fc2769a1b78a27578f13a17b -> 
  custom:container-demuxer-webm: 4f35f7cbe854078d1ac9338744f61a02 -> 
  custom:container-demuxer-ogg: 62fdf1f143b41e24485cea50d1cbac27 -> 
  custom:video-encoder-webm-vp8: eb34c28f22e8b96e1ab97ce403110664 -> 
  custom:framework-osx-AVFoundation: e770b220cccbd017edd2c1fefb359320 -> 
  custom:video-decoder-webm-vp8: 9c59270c3fd7afecdb556c50c9e8de78 -> 
  custom:audio-decoder-ogg-vorbis: bf7c407c2cedff20999df2af8eb42d56 -> 
  custom:audio-encoder-webm-vorbis: bf7c407c2cedff20999df2af8eb42d56 -> 
========================================================================
Received Import Request.
  Time since last request: 279.538812 seconds.
  path: Assets/SimplePoly City - Low Poly Assets/Prefab/Snacks/Food_Sandwich_01.prefab
  artifactKey: Guid(c9a016d15674d46b58ba91893ceae2c3) Importer(815301076,1909f56bfc062723c751e8b465ee728b)
Start importing Assets/SimplePoly City - Low Poly Assets/Prefab/Snacks/Food_Sandwich_01.prefab using Guid(c9a016d15674d46b58ba91893ceae2c3) Importer(815301076,1909f56bfc062723c751e8b465ee728b)  -> (artifact id: '0a3cf48f1b10c5228575e81e86db3fac') in 0.047010 seconds 
  Import took 0.049203 seconds .

========================================================================
Received Import Request.
  Time since last request: 3.702718 seconds.
  path: Assets/SimplePoly City - Low Poly Assets/Prefab/Snacks/Food_Pizza_01.prefab
  artifactKey: Guid(333ef54f936984ed6b3b515104716f58) Importer(815301076,1909f56bfc062723c751e8b465ee728b)
Start importing Assets/SimplePoly City - Low Poly Assets/Prefab/Snacks/Food_Pizza_01.prefab using Guid(333ef54f936984ed6b3b515104716f58) Importer(815301076,1909f56bfc062723c751e8b465ee728b)  -> (artifact id: '471b865b63818efa30e44854b52133ba') in 0.009162 seconds 
  Import took 0.011603 seconds .

========================================================================
Received Import Request.
  Time since last request: 4.140488 seconds.
  path: Assets/SimplePoly City - Low Poly Assets/Prefab/Snacks/Food_Cookie_01.prefab
  artifactKey: Guid(ebf72f929cd444129b1006b19378dcb5) Importer(815301076,1909f56bfc062723c751e8b465ee728b)
Start importing Assets/SimplePoly City - Low Poly Assets/Prefab/Snacks/Food_Cookie_01.prefab using Guid(ebf72f929cd444129b1006b19378dcb5) Importer(815301076,1909f56bfc062723c751e8b465ee728b)  -> (artifact id: '8195b331c871f51951372fc69bc289da') in 0.009477 seconds 
  Import took 0.011690 seconds .

========================================================================
Received Import Request.
  Time since last request: 28.552445 seconds.
  path: Assets/SimplePoly City - Low Poly Assets/Prefab/Snacks/Food_Cookie_01.prefab
  artifactKey: Guid(ebf72f929cd444129b1006b19378dcb5) Importer(815301076,1909f56bfc062723c751e8b465ee728b)
Start importing Assets/SimplePoly City - Low Poly Assets/Prefab/Snacks/Food_Cookie_01.prefab using Guid(ebf72f929cd444129b1006b19378dcb5) Importer(815301076,1909f56bfc062723c751e8b465ee728b)  -> (artifact id: '0cf40f7620d97b72b736cb24c7f7111e') in 0.010508 seconds 
  Import took 0.012964 seconds .

========================================================================
Received Import Request.
  Time since last request: 2.448640 seconds.
  path: Assets/SimplePoly City - Low Poly Assets/Prefab/Snacks/Food_Pizza_01.prefab
  artifactKey: Guid(333ef54f936984ed6b3b515104716f58) Importer(815301076,1909f56bfc062723c751e8b465ee728b)
Start importing Assets/SimplePoly City - Low Poly Assets/Prefab/Snacks/Food_Pizza_01.prefab using Guid(333ef54f936984ed6b3b515104716f58) Importer(815301076,1909f56bfc062723c751e8b465ee728b)  -> (artifact id: 'cc32e1de9f5114e673d1e3dd5fcdfda7') in 0.009717 seconds 
  Import took 0.012047 seconds .

========================================================================
Received Import Request.
  Time since last request: 2.658289 seconds.
  path: Assets/SimplePoly City - Low Poly Assets/Prefab/Snacks/Food_Sandwich_01.prefab
  artifactKey: Guid(c9a016d15674d46b58ba91893ceae2c3) Importer(815301076,1909f56bfc062723c751e8b465ee728b)
Start importing Assets/SimplePoly City - Low Poly Assets/Prefab/Snacks/Food_Sandwich_01.prefab using Guid(c9a016d15674d46b58ba91893ceae2c3) Importer(815301076,1909f56bfc062723c751e8b465ee728b)  -> (artifact id: 'eb34de7d7fe47986d2f942a9013601eb') in 0.009407 seconds 
  Import took 0.011858 seconds .

